<?xml version="1.0" encoding="UTF-8"?>
<!-- Generated by org.testng.reporters.JUnitReportReporter -->
<testsuite skipped="0" hostname="DESKTOP-N3LRL61" name="Com.run.New" tests="1" failures="0" timestamp="2023-09-16T15:06:18 IST" time="9.982" errors="0">
  <testcase name="test" time="9.982" classname="Com.run.New"/>
  <system-out/>
</testsuite> <!-- Com.run.New -->
